  main.cpp
  Tower.cpp
c:\users\matt\workspace (cpp)\towerdefencefirstsubmisson_v29\towerdefencefirstsubmisson\tower.cpp(66): warning C4244: '=': conversion from 'double' to 'int', possible loss of data
c:\users\matt\workspace (cpp)\towerdefencefirstsubmisson_v29\towerdefencefirstsubmisson\tower.cpp(308): warning C4244: 'initializing': conversion from 'double' to 'int', possible loss of data
c:\users\matt\workspace (cpp)\towerdefencefirstsubmisson_v29\towerdefencefirstsubmisson\tower.cpp(346): warning C4244: '*=': conversion from 'double' to 'int', possible loss of data
  Player.cpp
  Map.cpp
  Critters.cpp
  CoreGame.cpp
c:\users\matt\workspace (cpp)\towerdefencefirstsubmisson_v29\towerdefencefirstsubmisson\coregame.cpp(470): warning C4018: '<': signed/unsigned mismatch
c:\users\matt\workspace (cpp)\towerdefencefirstsubmisson_v29\towerdefencefirstsubmisson\coregame.cpp(632): warning C4018: '<': signed/unsigned mismatch
c:\users\matt\workspace (cpp)\towerdefencefirstsubmisson_v29\towerdefencefirstsubmisson\coregame.cpp(718): warning C4018: '<': signed/unsigned mismatch
c:\users\matt\workspace (cpp)\towerdefencefirstsubmisson_v29\towerdefencefirstsubmisson\coregame.cpp(726): warning C4244: 'initializing': conversion from 'double' to 'int', possible loss of data
c:\users\matt\workspace (cpp)\towerdefencefirstsubmisson_v29\towerdefencefirstsubmisson\coregame.cpp(756): warning C4018: '<': signed/unsigned mismatch
c:\users\matt\workspace (cpp)\towerdefencefirstsubmisson_v29\towerdefencefirstsubmisson\coregame.cpp(760): warning C4244: '+=': conversion from 'double' to 'int', possible loss of data
c:\users\matt\workspace (cpp)\towerdefencefirstsubmisson_v29\towerdefencefirstsubmisson\coregame.cpp(796): warning C4018: '<': signed/unsigned mismatch
c:\users\matt\workspace (cpp)\towerdefencefirstsubmisson_v29\towerdefencefirstsubmisson\coregame.cpp(865): warning C4018: '<': signed/unsigned mismatch
c:\users\matt\workspace (cpp)\towerdefencefirstsubmisson_v29\towerdefencefirstsubmisson\coregame.cpp(1066): warning C4018: '<': signed/unsigned mismatch
c:\users\matt\workspace (cpp)\towerdefencefirstsubmisson_v29\towerdefencefirstsubmisson\coregame.cpp(1070): warning C4018: '<': signed/unsigned mismatch
c:\users\matt\workspace (cpp)\towerdefencefirstsubmisson_v29\towerdefencefirstsubmisson\coregame.cpp(1386): warning C4018: '<': signed/unsigned mismatch
c:\users\matt\workspace (cpp)\towerdefencefirstsubmisson_v29\towerdefencefirstsubmisson\coregame.cpp(1503): warning C4018: '<': signed/unsigned mismatch
c:\users\matt\workspace (cpp)\towerdefencefirstsubmisson_v29\towerdefencefirstsubmisson\coregame.cpp(1516): warning C4018: '<': signed/unsigned mismatch
  Generating Code...
  TowerDefenceFirstSubmisson.vcxproj -> C:\Users\Matt\workspace (cpp)\TowerDefenceFirstSubmisson_v29\Debug\TowerDefenceFirstSubmisson.exe
